T0E08 000:000.643   SEGGER J-Link V7.98g Log File
T0E08 000:000.814   DLL Compiled: Sep  5 2024 11:46:36
T0E08 000:000.822   Logging started @ 2025-02-14 06:22
T0E08 000:000.830   Process: C:\Users\User\.eclipse\com.renesas.platform_1435879475\DebugComp\RA\e2-server-gdb.exe
T0E08 000:000.839 - 0.837ms
T0E08 000:000.863 JLINK_GetDLLVersion()
T0E08 000:000.871 - 0.010ms returns 79807
T0E08 000:003.996 JLINK_OpenEx(...)
T0E08 000:010.355   Firmware: J-Link OB-S124 compiled Jul  3 2024 17:03:07
T0E08 000:011.834   Firmware: J-Link OB-S124 compiled Jul  3 2024 17:03:07
T0E08 000:038.659   Hardware: V1.00
T0E08 000:038.697   S/N: 831129618
T0E08 000:038.707   OEM: SEGGER
T0E08 000:038.717   Feature(s): None
T0E08 000:040.001   Bootloader: 2019 Oct 15
T0E08 000:041.138   USB speed mode: Full speed (12 MBit/s)
T0E08 000:042.025   TELNET listener socket opened on port 19021
T0E08 000:042.342   WEBSRV WEBSRV_Init(): Starting webserver thread(s)
T0E08 000:042.583   WEBSRV Webserver running on local port 19080
T0E08 000:042.840   Looking for J-Link GUI Server exe at: C:\Users\User\.eclipse\com.renesas.platform_1435879475\DebugComp\RA\ARM\Segger_v7.98.7\JLinkGUIServer.exe
T0E08 000:043.059   Looking for J-Link GUI Server exe at: \JLinkGUIServer.exe
T0E08 000:346.054   Failed to connect to J-Link GUI Server.
T0E08 000:346.094 - 342.090ms returns "O.K."
T0E08 000:346.262 JLINK_ExecCommand("ProjectFile=C:\Users\User\e2_studio\workspace\DHT11_Demo/DHT11_Demo Debug_Flat.jlink", ...). 
T0E08 000:365.880 - 19.620ms returns 0x00
T0E08 000:366.459 JLINK_ExecCommand("device=R7FA4M2AD", ...). 
T0E08 000:367.601   Flash bank @ 0x0100A100: SFL: Parsing sectorization info from ELF file
T0E08 000:367.623     FlashDevice.SectorInfo[0]: .SectorSize = 0x00000010, .SectorStartAddr = 0x00000000
T0E08 000:367.634   FlashBank @0x0100A100: Sectorization info from SFL ELF file ignored because sectorization override from DLL / XML file is active.
T0E08 000:367.949   Flash bank @ 0x60000000: SFL: Parsing sectorization info from ELF file
T0E08 000:367.961     FlashDevice.SectorInfo[0]: .SectorSize = 0x00010000, .SectorStartAddr = 0x00000000
T0E08 000:371.845   Device "R7FA4M2AD" selected.
T0E08 000:372.250 - 5.773ms returns 0x00
T0E08 000:372.269 JLINK_TIF_GetAvailable(...)
T0E08 000:372.612 - 0.343ms
T0E08 000:372.631 JLINK_TIF_Select(JLINKARM_TIF_SWD)
T0E08 000:373.526 - 0.895ms returns 0x00
T0E08 000:373.554 JLINK_SetSpeed(4000)
T0E08 000:373.736 - 0.187ms
T0E08 000:373.768 JLINK_ReadMem(0xE000EDF0, 0x4 Bytes, ...)
T0E08 000:374.200   ConfigTargetSettings() start
T0E08 000:374.217    J-Link Script File: Executing ConfigTargetSettings()
T0E08 000:374.230   Configuring FlashDLNoRMWThreshold=0x200 in order to make sure that option bytes programming is done via read-modify-write
T0E08 000:397.563   ConfigTargetSettings() end - Took 23.3ms
T0E08 000:397.583   InitTarget() start
T0E08 000:397.608    J-Link Script File: Executing InitTarget()
T0E08 000:397.618   SWD selected. Executing JTAG -> SWD switching sequence.
T0E08 000:401.122   DAP initialized successfully.
T0E08 000:401.147   Determining TrustZone configuration...
T0E08 000:403.450     Secure Debug: Enabled (SSD)
T0E08 000:403.467   Determining currently configured transfer type by reading the AHB-AP CSW register.
T0E08 000:404.881     --> Correct transfer type configured. Done.
T0E08 000:404.916   InitTarget() end - Took 7.30ms
T0E08 000:406.027   Found SW-DP with ID 0x6BA02477
T0E08 000:409.916   DPIDR: 0x6BA02477
T0E08 000:409.935   CoreSight SoC-400 or earlier
T0E08 000:409.945   Scanning AP map to find all available APs
T0E08 000:411.690   AP[2]: Stopped AP scan as end of AP map has been reached
T0E08 000:411.708   AP[0]: AHB-AP (IDR: 0x84770001, ADDR: 0x00000000)
T0E08 000:411.719   AP[1]: APB-AP (IDR: 0x54770002, ADDR: 0x01000000)
T0E08 000:411.729   Iterating through AP map to find AHB-AP to use
T0E08 000:413.331   AP[0]: Core found
T0E08 000:413.347   AP[0]: AHB-AP ROM base: 0xE00FE000
T0E08 000:414.166   CPUID register: 0x410FD214. Implementer code: 0x41 (ARM)
T0E08 000:414.235   Feature set: Mainline
T0E08 000:415.046   Cache: No cache
T0E08 000:415.066   Found Cortex-M33 r0p4, Little endian.
T0E08 000:415.741   -- Max. mem block: 0x00001960
T0E08 000:417.362   CPU_ReadMem(4 bytes @ 0xE000EDF0)
T0E08 000:418.315   CPU_ReadMem(4 bytes @ 0xE0002000)
T0E08 000:418.923   FPUnit: 8 code (BP) slots and 0 literal slots
T0E08 000:418.955   CPU_ReadMem(4 bytes @ 0xE000EDFC)
T0E08 000:419.575   CPU_ReadMem(4 bytes @ 0xE0001000)
T0E08 000:420.176   CPU_ReadMem(4 bytes @ 0xE0001000)
T0E08 000:420.838   CPU_ReadMem(4 bytes @ 0xE0001028)
T0E08 000:421.522   CPU_ReadMem(4 bytes @ 0xE0001038)
T0E08 000:422.201   CPU_ReadMem(4 bytes @ 0xE0001048)
T0E08 000:422.852   CPU_ReadMem(4 bytes @ 0xE0001058)
T0E08 000:423.548   CPU_WriteMem(4 bytes @ 0xE0001000)
T0E08 000:424.221   CPU_ReadMem(4 bytes @ 0xE000ED88)
T0E08 000:424.840   CPU_WriteMem(4 bytes @ 0xE000ED88)
T0E08 000:425.470   CPU_ReadMem(4 bytes @ 0xE000ED88)
T0E08 000:426.144   CPU_WriteMem(4 bytes @ 0xE000ED88)
T0E08 000:426.816   CPU_ReadMem(4 bytes @ 0xE000EFB8)
T0E08 000:427.479   Security extension: implemented
T0E08 000:427.500   Secure debug: enabled
T0E08 000:427.511   CoreSight components:
T0E08 000:427.521   ROMTbl[0] @ E00FE000
T0E08 000:427.533   CPU_ReadMem(64 bytes @ 0xE00FE000)
T0E08 000:429.010   CPU_ReadMem(32 bytes @ 0xE0044FE0)
T0E08 000:430.177   CPU_ReadMem(4 bytes @ 0xE0044FBC)
T0E08 000:431.002   CPU_ReadMem(4 bytes @ 0xE0044FCC)
T0E08 000:431.841   [0][0]: E0044000 CID B105900D PID 005BB906 DEVARCH 00000000 DEVTYPE 14 CTI (?)
T0E08 000:431.858   CPU_ReadMem(32 bytes @ 0xE0047FE0)
T0E08 000:432.889   CPU_ReadMem(4 bytes @ 0xE0047FBC)
T0E08 000:433.654   CPU_ReadMem(4 bytes @ 0xE0047FCC)
T0E08 000:434.385   [0][1]: E0047000 CID B105900D PID 003BB908 DEVARCH 00000000 DEVTYPE 12 CSTF
T0E08 000:434.403   CPU_ReadMem(32 bytes @ 0xE0048FE0)
T0E08 000:435.371   CPU_ReadMem(4 bytes @ 0xE0048FBC)
T0E08 000:435.993   CPU_ReadMem(4 bytes @ 0xE0048FCC)
T0E08 000:436.656   [0][2]: E0048000 CID B105900D PID 001BB961 DEVARCH 00000000 DEVTYPE 21 ETB
T0E08 000:436.674   CPU_ReadMem(32 bytes @ 0xE0049FE0)
T0E08 000:437.707   [0][3]: E0049000 CID B105F00D PID 001BB101 TSG
T0E08 000:437.725   CPU_ReadMem(32 bytes @ 0xE0040FE0)
T0E08 000:438.733   CPU_ReadMem(4 bytes @ 0xE0040FBC)
T0E08 000:439.388   CPU_ReadMem(4 bytes @ 0xE0040FCC)
T0E08 000:439.981   [0][4]: E0040000 CID B105900D PID 000BBD21 DEVARCH 00000000 DEVTYPE 11 TPIU
T0E08 000:439.999   CPU_ReadMem(32 bytes @ 0xE00FFFE0)
T0E08 000:440.918   [0][5]: E00FF000 CID B105100D PID 000BB4C9 ROM Table
T0E08 000:440.936   ROMTbl[1] @ E00FF000
T0E08 000:440.947   CPU_ReadMem(64 bytes @ 0xE00FF000)
T0E08 000:442.467   CPU_ReadMem(32 bytes @ 0xE000EFE0)
T0E08 000:443.451   CPU_ReadMem(4 bytes @ 0xE000EFBC)
T0E08 000:444.123   CPU_ReadMem(4 bytes @ 0xE000EFCC)
T0E08 000:444.911   [1][0]: E000E000 CID B105900D PID 000BBD21 DEVARCH 47702A04 DEVTYPE 00 Cortex-M33
T0E08 000:444.930   CPU_ReadMem(32 bytes @ 0xE0001FE0)
T0E08 000:446.075   CPU_ReadMem(4 bytes @ 0xE0001FBC)
T0E08 000:446.856   CPU_ReadMem(4 bytes @ 0xE0001FCC)
T0E08 000:447.697   [1][1]: E0001000 CID B105900D PID 000BBD21 DEVARCH 47701A02 DEVTYPE 00 DWT
T0E08 000:447.714   CPU_ReadMem(32 bytes @ 0xE0002FE0)
T0E08 000:448.876   CPU_ReadMem(4 bytes @ 0xE0002FBC)
T0E08 000:449.488   CPU_ReadMem(4 bytes @ 0xE0002FCC)
T0E08 000:450.212   [1][2]: E0002000 CID B105900D PID 000BBD21 DEVARCH 47701A03 DEVTYPE 00 FPB
T0E08 000:450.229   CPU_ReadMem(32 bytes @ 0xE0000FE0)
T0E08 000:451.237   CPU_ReadMem(4 bytes @ 0xE0000FBC)
T0E08 000:451.989   CPU_ReadMem(4 bytes @ 0xE0000FCC)
T0E08 000:452.783   [1][3]: E0000000 CID B105900D PID 000BBD21 DEVARCH 47701A01 DEVTYPE 43 ITM
T0E08 000:452.800   CPU_ReadMem(32 bytes @ 0xE0041FE0)
T0E08 000:453.786   CPU_ReadMem(4 bytes @ 0xE0041FBC)
T0E08 000:454.514   CPU_ReadMem(4 bytes @ 0xE0041FCC)
T0E08 000:455.235   [1][5]: E0041000 CID B105900D PID 002BBD21 DEVARCH 47724A13 DEVTYPE 13 ETM
T0E08 000:455.253   CPU_ReadMem(32 bytes @ 0xE0042FE0)
T0E08 000:456.213   CPU_ReadMem(4 bytes @ 0xE0042FBC)
T0E08 000:456.879   CPU_ReadMem(4 bytes @ 0xE0042FCC)
T0E08 000:457.464   [1][6]: E0042000 CID B105900D PID 000BBD21 DEVARCH 47701A14 DEVTYPE 14 CSS600-CTI
T0E08 000:457.562   CPU_ReadMem(4 bytes @ 0xE000EDF0)
T0E08 000:458.120   Data:  03 00 13 00
T0E08 000:458.135   Debug reg: DHCSR
T0E08 000:458.146 - 84.377ms returns 0
T0E08 000:458.167 JLINK_ReadMem(0x400E002C, 0x4 Bytes, ...)
T0E08 000:458.194   CPU_ReadMem(4 bytes @ 0x400E002C)
T0E08 000:458.845   Data:  02 00 00 00
T0E08 000:458.860 - 0.692ms returns 0
T0E08 000:458.907 JLINK_ReadMem(0xE000EDF0, 0x4 Bytes, ...)
T0E08 000:458.919   CPU_ReadMem(4 bytes @ 0xE000EDF0)
T0E08 000:459.583   Data:  03 00 13 00
T0E08 000:459.598   Debug reg: DHCSR
T0E08 000:459.608 - 0.701ms returns 0
T0E08 000:459.741 JLINK_ReadMem(0xE000EDF0, 0x4 Bytes, ...)
T0E08 000:459.756   CPU_ReadMem(4 bytes @ 0xE000EDF0)
T0E08 000:460.317   Data:  03 00 13 00
T0E08 000:460.331   Debug reg: DHCSR
T0E08 000:460.341 - 0.613ms returns 0
T0E08 000:460.354 JLINK_ReadMem(0x400E001C, 0x4 Bytes, ...)
T0E08 000:460.365   CPU_ReadMem(4 bytes @ 0x400E001C)
T0E08 000:461.005   Data:  00 0C 00 00
T0E08 000:461.020 - 0.666ms returns 0
T0E08 000:461.040 JLINK_ReadMem(0xE000EDF0, 0x4 Bytes, ...)
T0E08 000:461.051   CPU_ReadMem(4 bytes @ 0xE000EDF0)
T0E08 000:461.624   Data:  03 00 13 00
T0E08 000:461.641   Debug reg: DHCSR
T0E08 000:461.666 - 0.626ms returns 0
T0E08 000:461.680 JLINK_ReadMem(0x400E0018, 0x4 Bytes, ...)
T0E08 000:461.705   CPU_ReadMem(4 bytes @ 0x400E0018)
T0E08 000:462.258   Data:  00 80 00 00
T0E08 000:462.275 - 0.594ms returns 0
T0E08 000:462.292 JLINK_ReadMem(0xE000EDF0, 0x4 Bytes, ...)
T0E08 000:462.304   CPU_ReadMem(4 bytes @ 0xE000EDF0)
T0E08 000:462.862   Data:  03 00 13 00
T0E08 000:462.877   Debug reg: DHCSR
T0E08 000:462.888 - 0.596ms returns 0
T0E08 000:462.901 JLINK_ReadMem(0x400E0020, 0x4 Bytes, ...)
T0E08 000:462.911   CPU_ReadMem(4 bytes @ 0x400E0020)
T0E08 000:463.450   Data:  00 00 00 00
T0E08 000:463.465 - 0.563ms returns 0
T0E08 000:463.481 JLINK_ReadMem(0xE000EDF0, 0x4 Bytes, ...)
T0E08 000:463.491   CPU_ReadMem(4 bytes @ 0xE000EDF0)
T0E08 000:464.140   Data:  03 00 13 00
T0E08 000:464.154   Debug reg: DHCSR
T0E08 000:464.165 - 0.683ms returns 0
T0E08 000:464.177 JLINK_ReadMem(0x400E0028, 0x4 Bytes, ...)
T0E08 000:464.187   CPU_ReadMem(4 bytes @ 0x400E0028)
T0E08 000:464.833   Data:  00 08 00 00
T0E08 000:464.848 - 0.671ms returns 0
T0E08 000:464.864 JLINK_ReadMem(0xE000EDF0, 0x4 Bytes, ...)
T0E08 000:464.874   CPU_ReadMem(4 bytes @ 0xE000EDF0)
T0E08 000:465.524   Data:  03 00 13 00
T0E08 000:465.539   Debug reg: DHCSR
T0E08 000:465.549 - 0.685ms returns 0
T0E08 000:465.585 JLINK_ReadMem(0x400E0024, 0x4 Bytes, ...)
T0E08 000:465.596   CPU_ReadMem(4 bytes @ 0x400E0024)
T0E08 000:466.122   Data:  00 20 00 00
T0E08 000:466.153 - 0.567ms returns 0
T0E08 000:466.171 JLINK_ReadMem(0xE000EDF0, 0x4 Bytes, ...)
T0E08 000:466.182   CPU_ReadMem(4 bytes @ 0xE000EDF0)
T0E08 000:466.830   Data:  03 00 13 00
T0E08 000:466.845   Debug reg: DHCSR
T0E08 000:466.856 - 0.685ms returns 0
T0E08 000:466.868 JLINK_ReadMem(0x400E002C, 0x4 Bytes, ...)
T0E08 000:466.879   CPU_ReadMem(4 bytes @ 0x400E002C)
T0E08 000:467.410   Data:  02 00 00 00
T0E08 000:467.425 - 0.557ms returns 0
T0E08 000:467.442 JLINK_ReadMem(0xE000EDF0, 0x4 Bytes, ...)
T0E08 000:467.452   CPU_ReadMem(4 bytes @ 0xE000EDF0)
T0E08 000:468.098   Data:  03 00 13 00
T0E08 000:468.113   Debug reg: DHCSR
T0E08 000:468.123 - 0.681ms returns 0
T0E08 000:468.136 JLINK_ReadMem(0x400E002C, 0x4 Bytes, ...)
T0E08 000:468.146   CPU_ReadMem(4 bytes @ 0x400E002C)
T0E08 000:468.783   Data:  02 00 00 00
T0E08 000:468.797 - 0.661ms returns 0
T0E08 000:473.058 JLINK_Close()
T0E08 000:488.111 - 15.052ms
T0E08 000:488.133   
T0E08 000:488.140   Closed
